# JRE version: OpenJDK Runtime Environment Temurin-11.0.17+8 (11.0.17+8) (build 11.0.17+8)
# Java VM: OpenJDK 64-Bit Server VM Temurin-11.0.17+8 (11.0.17+8, mixed mode, tiered, compressed oops, g1 gc, windows-amd64)
Heap:
 garbage-first heap   total 129024K, used 25918K [0x0000000080000000, 0x0000000100000000)
  region size 1024K, 8 young (8192K), 7 survivors (7168K)
 Metaspace       used 37746K, capacity 38662K, committed 38864K, reserved 557056K
  class space    used 4800K, capacity 5136K, committed 5248K, reserved 516096K
GC Heap History (14 events):
Event: 4.083 GC heap before
{Heap before GC invocations=0 (full 0):
 garbage-first heap   total 129024K, used 16384K [0x0000000080000000, 0x0000000100000000)
  region size 1024K, 14 young (14336K), 0 survivors (0K)
 Metaspace       used 6764K, capacity 6989K, committed 7168K, reserved 524288K
  class space    used 573K, capacity 650K, committed 768K, reserved 516096K
}
Event: 4.270 GC heap after
{Heap after GC invocations=1 (full 0):
 garbage-first heap   total 129024K, used 3844K [0x0000000080000000, 0x0000000100000000)
  region size 1024K, 2 young (2048K), 2 survivors (2048K)
 Metaspace       used 6764K, capacity 6989K, committed 7168K, reserved 524288K
  class space    used 573K, capacity 650K, committed 768K, reserved 516096K
}
Event: 21.944 GC heap before
{Heap before GC invocations=1 (full 0):
 garbage-first heap   total 129024K, used 74500K [0x0000000080000000, 0x0000000100000000)
  region size 1024K, 68 young (69632K), 2 survivors (2048K)
 Metaspace       used 15717K, capacity 16087K, committed 16256K, reserved 530432K
  class space    used 1756K, capacity 1898K, committed 1920K, reserved 516096K
}
Event: 22.010 GC heap after
{Heap after GC invocations=2 (full 0):
 garbage-first heap   total 129024K, used 15863K [0x0000000080000000, 0x0000000100000000)
  region size 1024K, 9 young (9216K), 9 survivors (9216K)
 Metaspace       used 15717K, capacity 16087K, committed 16256K, reserved 530432K
  class space    used 1756K, capacity 1898K, committed 1920K, reserved 516096K
}
Event: 26.071 GC heap before
{Heap before GC invocations=2 (full 0):
 garbage-first heap   total 129024K, used 34295K [0x0000000080000000, 0x0000000100000000)
  region size 1024K, 27 young (27648K), 9 survivors (9216K)
 Metaspace       used 18432K, capacity 18857K, committed 19072K, reserved 534528K
  class space    used 2164K, capacity 2314K, committed 2432K, reserved 516096K
}
Event: 26.087 GC heap after
{Heap after GC invocations=3 (full 0):
 garbage-first heap   total 129024K, used 16891K [0x0000000080000000, 0x0000000100000000)
  region size 1024K, 2 young (2048K), 2 survivors (2048K)
 Metaspace       used 18432K, capacity 18857K, committed 19072K, reserved 534528K
  class space    used 2164K, capacity 2314K, committed 2432K, reserved 516096K
}
Event: 29.404 GC heap before
{Heap before GC invocations=3 (full 0):
 garbage-first heap   total 129024K, used 34299K [0x0000000080000000, 0x0000000100000000)
  region size 1024K, 20 young (20480K), 2 survivors (2048K)
 Metaspace       used 20675K, capacity 21158K, committed 21296K, reserved 536576K
  class space    used 2473K, capacity 2658K, committed 2688K, reserved 516096K
}
Event: 29.413 GC heap after
{Heap after GC invocations=4 (full 0):
 garbage-first heap   total 129024K, used 17461K [0x0000000080000000, 0x0000000100000000)
  region size 1024K, 2 young (2048K), 2 survivors (2048K)
 Metaspace       used 20675K, capacity 21158K, committed 21296K, reserved 536576K
  class space    used 2473K, capacity 2658K, committed 2688K, reserved 516096K
}
Event: 35.697 GC heap before
{Heap before GC invocations=5 (full 0):
 garbage-first heap   total 129024K, used 72757K [0x0000000080000000, 0x0000000100000000)
  region size 1024K, 56 young (57344K), 2 survivors (2048K)
 Metaspace       used 26458K, capacity 26998K, committed 27184K, reserved 540672K
  class space    used 3420K, capacity 3636K, committed 3712K, reserved 516096K
}
Event: 35.707 GC heap after
{Heap after GC invocations=6 (full 0):
 garbage-first heap   total 129024K, used 19375K [0x0000000080000000, 0x0000000100000000)
  region size 1024K, 4 young (4096K), 4 survivors (4096K)
 Metaspace       used 26458K, capacity 26998K, committed 27184K, reserved 540672K
  class space    used 3420K, capacity 3636K, committed 3712K, reserved 516096K
}
Event: 40.439 GC heap before
{Heap before GC invocations=6 (full 0):
 garbage-first heap   total 129024K, used 77743K [0x0000000080000000, 0x0000000100000000)
  region size 1024K, 61 young (62464K), 4 survivors (4096K)
 Metaspace       used 32323K, capacity 33055K, committed 33200K, reserved 544768K
  class space    used 4265K, capacity 4571K, committed 4608K, reserved 516096K
}
Event: 40.454 GC heap after
{Heap after GC invocations=7 (full 0):
 garbage-first heap   total 129024K, used 21623K [0x0000000080000000, 0x0000000100000000)
  region size 1024K, 6 young (6144K), 6 survivors (6144K)
 Metaspace       used 32323K, capacity 33055K, committed 33200K, reserved 544768K
  class space    used 4265K, capacity 4571K, committed 4608K, reserved 516096K
}
Event: 41.884 GC heap before
{Heap before GC invocations=7 (full 0):
 garbage-first heap   total 129024K, used 26743K [0x0000000080000000, 0x0000000100000000)
  region size 1024K, 12 young (12288K), 6 survivors (6144K)
 Metaspace       used 35006K, capacity 35761K, committed 35920K, reserved 548864K
  class space    used 4479K, capacity 4790K, committed 4864K, reserved 516096K
}
Event: 41.912 GC heap after
{Heap after GC invocations=8 (full 0):
 garbage-first heap   total 129024K, used 22761K [0x0000000080000000, 0x0000000100000000)
  region size 1024K, 6 young (6144K), 6 survivors (6144K)
 Metaspace       used 35006K, capacity 35761K, committed 35920K, reserved 548864K
  class space    used 4479K, capacity 4790K, committed 4864K, reserved 516096K
}

