# JRE version: OpenJDK Runtime Environment Temurin-11.0.17+8 (11.0.17+8) (build 11.0.17+8)
# Java VM: OpenJDK 64-Bit Server VM Temurin-11.0.17+8 (11.0.17+8, mixed mode, tiered, compressed oops, g1 gc, windows-amd64)
Heap:
 garbage-first heap   total 481280K, used 214678K [0x0000000080000000, 0x0000000100000000)
  region size 1024K, 3 young (3072K), 3 survivors (3072K)
 Metaspace       used 148814K, capacity 153312K, committed 153556K, reserved 651264K
  class space    used 18669K, capacity 20346K, committed 20428K, reserved 516096K
GC Heap History (20 events):
Event: 162.543 GC heap after
{Heap after GC invocations=119 (full 0):
 garbage-first heap   total 400384K, used 216618K [0x0000000080000000, 0x0000000100000000)
  region size 1024K, 9 young (9216K), 9 survivors (9216K)
 Metaspace       used 147978K, capacity 152506K, committed 152788K, reserved 649216K
  class space    used 18622K, capacity 20293K, committed 20428K, reserved 516096K
}
Event: 163.444 GC heap before
{Heap before GC invocations=120 (full 0):
 garbage-first heap   total 400384K, used 324138K [0x0000000080000000, 0x0000000100000000)
  region size 1024K, 114 young (116736K), 9 survivors (9216K)
 Metaspace       used 148023K, capacity 152518K, committed 152788K, reserved 649216K
  class space    used 18612K, capacity 20273K, committed 20428K, reserved 516096K
}
Event: 163.463 GC heap after
{Heap after GC invocations=121 (full 0):
 garbage-first heap   total 400384K, used 217880K [0x0000000080000000, 0x0000000100000000)
  region size 1024K, 7 young (7168K), 7 survivors (7168K)
 Metaspace       used 148023K, capacity 152518K, committed 152788K, reserved 649216K
  class space    used 18612K, capacity 20273K, committed 20428K, reserved 516096K
}
Event: 163.509 GC heap before
{Heap before GC invocations=121 (full 0):
 garbage-first heap   total 400384K, used 230168K [0x0000000080000000, 0x0000000100000000)
  region size 1024K, 19 young (19456K), 7 survivors (7168K)
 Metaspace       used 148033K, capacity 152521K, committed 152788K, reserved 649216K
  class space    used 18612K, capacity 20273K, committed 20428K, reserved 516096K
}
Event: 163.531 GC heap after
{Heap after GC invocations=122 (full 0):
 garbage-first heap   total 400384K, used 215175K [0x0000000080000000, 0x0000000100000000)
  region size 1024K, 2 young (2048K), 2 survivors (2048K)
 Metaspace       used 148033K, capacity 152521K, committed 152788K, reserved 649216K
  class space    used 18612K, capacity 20273K, committed 20428K, reserved 516096K
}
Event: 164.059 GC heap before
{Heap before GC invocations=122 (full 0):
 garbage-first heap   total 400384K, used 327815K [0x0000000080000000, 0x0000000100000000)
  region size 1024K, 112 young (114688K), 2 survivors (2048K)
 Metaspace       used 148239K, capacity 152703K, committed 153044K, reserved 649216K
  class space    used 18618K, capacity 20282K, committed 20428K, reserved 516096K
}
Event: 164.081 GC heap after
{Heap after GC invocations=123 (full 0):
 garbage-first heap   total 400384K, used 221489K [0x0000000080000000, 0x0000000100000000)
  region size 1024K, 8 young (8192K), 8 survivors (8192K)
 Metaspace       used 148239K, capacity 152703K, committed 153044K, reserved 649216K
  class space    used 18618K, capacity 20282K, committed 20428K, reserved 516096K
}
Event: 164.632 GC heap before
{Heap before GC invocations=123 (full 0):
 garbage-first heap   total 400384K, used 331057K [0x0000000080000000, 0x0000000100000000)
  region size 1024K, 115 young (117760K), 8 survivors (8192K)
 Metaspace       used 148315K, capacity 152771K, committed 153044K, reserved 649216K
  class space    used 18621K, capacity 20282K, committed 20428K, reserved 516096K
}
Event: 164.652 GC heap after
{Heap after GC invocations=124 (full 0):
 garbage-first heap   total 400384K, used 226104K [0x0000000080000000, 0x0000000100000000)
  region size 1024K, 12 young (12288K), 12 survivors (12288K)
 Metaspace       used 148315K, capacity 152771K, committed 153044K, reserved 649216K
  class space    used 18621K, capacity 20282K, committed 20428K, reserved 516096K
}
Event: 165.080 GC heap before
{Heap before GC invocations=124 (full 0):
 garbage-first heap   total 400384K, used 333624K [0x0000000080000000, 0x0000000100000000)
  region size 1024K, 117 young (119808K), 12 survivors (12288K)
 Metaspace       used 148353K, capacity 152849K, committed 153044K, reserved 649216K
  class space    used 18622K, capacity 20285K, committed 20428K, reserved 516096K
}
Event: 165.161 GC heap after
{Heap after GC invocations=125 (full 0):
 garbage-first heap   total 400384K, used 227056K [0x0000000080000000, 0x0000000100000000)
  region size 1024K, 8 young (8192K), 8 survivors (8192K)
 Metaspace       used 148353K, capacity 152849K, committed 153044K, reserved 649216K
  class space    used 18622K, capacity 20285K, committed 20428K, reserved 516096K
}
Event: 165.909 GC heap before
{Heap before GC invocations=125 (full 0):
 garbage-first heap   total 400384K, used 336624K [0x0000000080000000, 0x0000000100000000)
  region size 1024K, 115 young (117760K), 8 survivors (8192K)
 Metaspace       used 148366K, capacity 152852K, committed 153044K, reserved 649216K
  class space    used 18622K, capacity 20285K, committed 20428K, reserved 516096K
}
Event: 165.929 GC heap after
{Heap after GC invocations=126 (full 0):
 garbage-first heap   total 400384K, used 227270K [0x0000000080000000, 0x0000000100000000)
  region size 1024K, 8 young (8192K), 8 survivors (8192K)
 Metaspace       used 148366K, capacity 152852K, committed 153044K, reserved 649216K
  class space    used 18622K, capacity 20285K, committed 20428K, reserved 516096K
}
Event: 166.570 GC heap before
{Heap before GC invocations=127 (full 0):
 garbage-first heap   total 400384K, used 338886K [0x0000000080000000, 0x0000000100000000)
  region size 1024K, 117 young (119808K), 8 survivors (8192K)
 Metaspace       used 148377K, capacity 152858K, committed 153044K, reserved 649216K
  class space    used 18623K, capacity 20287K, committed 20428K, reserved 516096K
}
Event: 166.588 GC heap after
{Heap after GC invocations=128 (full 0):
 garbage-first heap   total 400384K, used 227940K [0x0000000080000000, 0x0000000100000000)
  region size 1024K, 9 young (9216K), 9 survivors (9216K)
 Metaspace       used 148377K, capacity 152858K, committed 153044K, reserved 649216K
  class space    used 18623K, capacity 20287K, committed 20428K, reserved 516096K
}
Event: 166.639 GC heap before
{Heap before GC invocations=128 (full 0):
 garbage-first heap   total 400384K, used 238180K [0x0000000080000000, 0x0000000100000000)
  region size 1024K, 19 young (19456K), 9 survivors (9216K)
 Metaspace       used 148405K, capacity 152913K, committed 153044K, reserved 649216K
  class space    used 18629K, capacity 20327K, committed 20428K, reserved 516096K
}
Event: 166.679 GC heap after
{Heap after GC invocations=129 (full 0):
 garbage-first heap   total 400384K, used 213125K [0x0000000080000000, 0x0000000100000000)
  region size 1024K, 2 young (2048K), 2 survivors (2048K)
 Metaspace       used 148405K, capacity 152913K, committed 153044K, reserved 649216K
  class space    used 18629K, capacity 20327K, committed 20428K, reserved 516096K
}
Event: 167.492 GC heap before
{Heap before GC invocations=129 (full 0):
 garbage-first heap   total 400384K, used 336005K [0x0000000080000000, 0x0000000100000000)
  region size 1024K, 121 young (123904K), 2 survivors (2048K)
 Metaspace       used 148770K, capacity 153270K, committed 153556K, reserved 651264K
  class space    used 18664K, capacity 20339K, committed 20428K, reserved 516096K
}
Event: 167.506 GC heap after
{Heap after GC invocations=130 (full 0):
 garbage-first heap   total 400384K, used 214016K [0x0000000080000000, 0x0000000100000000)
  region size 1024K, 3 young (3072K), 3 survivors (3072K)
 Metaspace       used 148770K, capacity 153270K, committed 153556K, reserved 651264K
  class space    used 18664K, capacity 20339K, committed 20428K, reserved 516096K
}
Event: 169.023 GC heap before
{Heap before GC invocations=130 (full 0):
 garbage-first heap   total 400384K, used 337920K [0x0000000080000000, 0x0000000100000000)
  region size 1024K, 124 young (126976K), 3 survivors (3072K)
 Metaspace       used 148814K, capacity 153312K, committed 153556K, reserved 651264K
  class space    used 18669K, capacity 20346K, committed 20428K, reserved 516096K
}

